c:\users\gonzalo\desktop\gameengine\graphics_engine\graphics_engine\debug\vc120.pdb
c:\users\gonzalo\desktop\gameengine\graphics_engine\graphics_engine\debug\vc120.idb
c:\users\gonzalo\desktop\gameengine\graphics_engine\graphics_engine\debug\mesh.obj
c:\users\gonzalo\desktop\gameengine\graphics_engine\graphics_engine\debug\object.obj
c:\users\gonzalo\desktop\gameengine\graphics_engine\graphics_engine\debug\objectmanager.obj
c:\users\gonzalo\desktop\gameengine\graphics_engine\graphics_engine\debug\objloader.obj
c:\users\gonzalo\desktop\gameengine\graphics_engine\graphics_engine\debug\computeparticlerenderer.obj
c:\users\gonzalo\desktop\gameengine\graphics_engine\graphics_engine\debug\computeshader.obj
c:\users\gonzalo\desktop\gameengine\graphics_engine\graphics_engine\debug\shader.obj
c:\users\gonzalo\desktop\gameengine\graphics_engine\graphics_engine\debug\shaderbuffermanager.obj
c:\users\gonzalo\desktop\gameengine\graphics_engine\graphics_engine\debug\particleeffect.obj
c:\users\gonzalo\desktop\gameengine\graphics_engine\graphics_engine\debug\particleemiter.obj
c:\users\gonzalo\desktop\gameengine\graphics_engine\graphics_engine\debug\particlegenerator.obj
c:\users\gonzalo\desktop\gameengine\graphics_engine\graphics_engine\debug\particlerenderer.obj
c:\users\gonzalo\desktop\gameengine\graphics_engine\graphics_engine\debug\particlesystem.obj
c:\users\gonzalo\desktop\gameengine\graphics_engine\graphics_engine\debug\particleupdater.obj
c:\users\gonzalo\desktop\gameengine\graphics_engine\graphics_engine\debug\shadermanager.obj
c:\users\gonzalo\desktop\gameengine\graphics_engine\graphics_engine\debug\meshgenerator.obj
c:\users\gonzalo\desktop\gameengine\graphics_engine\graphics_engine\debug\texture.obj
c:\users\gonzalo\desktop\gameengine\graphics_engine\graphics_engine\debug\inputsystem.obj
c:\users\gonzalo\desktop\gameengine\graphics_engine\graphics_engine\debug\main.obj
c:\users\gonzalo\desktop\gameengine\graphics_engine\graphics_engine\debug\systems.obj
c:\users\gonzalo\desktop\gameengine\graphics_engine\graphics_engine\debug\editor.obj
c:\users\gonzalo\desktop\gameengine\graphics_engine\graphics_engine\debug\camera.obj
c:\users\gonzalo\desktop\gameengine\graphics_engine\graphics_engine\debug\context.obj
c:\users\gonzalo\desktop\gameengine\graphics_engine\graphics_engine\debug\graphicssystem.obj
c:\users\gonzalo\desktop\gameengine\graphics_engine\graphics_engine\debug\light.obj
c:\users\gonzalo\desktop\gameengine\graphics_engine\graphics_engine\debug\loadshader.obj
c:\users\gonzalo\desktop\gameengine\graphics_engine\debug\graphics_engine.ilk
c:\users\gonzalo\desktop\gameengine\graphics_engine\debug\graphics_engine.exe
c:\users\gonzalo\desktop\gameengine\graphics_engine\debug\graphics_engine.pdb
c:\users\gonzalo\desktop\gameengine\graphics_engine\graphics_engine\debug\graphics_engine.tlog\cl.command.1.tlog
c:\users\gonzalo\desktop\gameengine\graphics_engine\graphics_engine\debug\graphics_engine.tlog\cl.read.1.tlog
c:\users\gonzalo\desktop\gameengine\graphics_engine\graphics_engine\debug\graphics_engine.tlog\cl.write.1.tlog
c:\users\gonzalo\desktop\gameengine\graphics_engine\graphics_engine\debug\graphics_engine.tlog\link.command.1.tlog
c:\users\gonzalo\desktop\gameengine\graphics_engine\graphics_engine\debug\graphics_engine.tlog\link.read.1.tlog
c:\users\gonzalo\desktop\gameengine\graphics_engine\graphics_engine\debug\graphics_engine.tlog\link.write.1.tlog
